<?xml version="1.0" encoding="UTF-8"?>
<testsuite name="CinemaTests" tests="1" skipped="0" failures="0" errors="0" timestamp="2023-03-04T03:55:14" hostname="Vinces-MBP-2.attlocal.net" time="0.664">
  <properties/>
  <testcase name="start" classname="CinemaTests" time="0.664"/>
  <system-out><![CDATA[?[1;31m
Start test 1?[0m
Enter the number of rows:
> 7
Enter the number of seats in each row:
> 8
Test: front Tickets: 240
Test: front Tickets: 320
1. Show the seats
2. Buy a ticket
3. Statistics
0. Exit
> 0
?[1;31m
Start test 2?[0m
Enter the number of rows:
> 7
Enter the number of seats in each row:
> 8
Test: front Tickets: 240
Test: front Tickets: 320
1. Show the seats
2. Buy a ticket
3. Statistics
0. Exit
> 1
Cinema:
  1 2 3 4 5 6 7 8 
1 S S S S S S S S 
2 S S S S S S S S 
3 S S S S S S S S 
4 S S S S S S S S 
5 S S S S S S S S 
6 S S S S S S S S 
7 S S S S S S S S 
1. Show the seats
2. Buy a ticket
3. Statistics
0. Exit
Enter the number of rows:
> 2
Enter the number of seats in each row:
> 2
Test: front Tickets: 20
Test: front Tickets: 20
1. Show the seats
2. Buy a ticket
3. Statistics
0. Exit
> 1
Cinema:
  1 2 
1 S S 
2 S S 
1. Show the seats
2. Buy a ticket
3. Statistics
0. Exit
Enter the number of rows:
> 9
Enter the number of seats in each row:
> 9
Test: front Tickets: 360
Test: front Tickets: 360
1. Show the seats
2. Buy a ticket
3. Statistics
0. Exit
> 1
Cinema:
  1 2 3 4 5 6 7 8 9 
1 S S S S S S S S S 
2 S S S S S S S S S 
3 S S S S S S S S S 
4 S S S S S S S S S 
5 S S S S S S S S S 
6 S S S S S S S S S 
7 S S S S S S S S S 
8 S S S S S S S S S 
9 S S S S S S S S S 
1. Show the seats
2. Buy a ticket
3. Statistics
0. Exit
> 0
?[1;31m
Start test 3?[0m
Enter the number of rows:
> 7
Enter the number of seats in each row:
> 8
Test: front Tickets: 240
Test: front Tickets: 320
1. Show the seats
2. Buy a ticket
3. Statistics
0. Exit
> 2
Enter a row number:
> 2
Enter a seat number in that row:
> 4
Ticket price: $10
Ticket price: $10
Current Income: 10
Tickets Sold: 1
1. Show the seats
2. Buy a ticket
3. Statistics
0. Exit
> 1
Cinema:
  1 2 3 4 5 6 7 8 
1 S S S S S S S S 
2 S S S B S S S S 
3 S S S S S S S S 
4 S S S S S S S S 
5 S S S S S S S S 
6 S S S S S S S S 
7 S S S S S S S S 
1. Show the seats
2. Buy a ticket
3. Statistics
0. Exit
> 2
Enter a row number:
> 3
Enter a seat number in that row:
> 5
Ticket price: $10
Ticket price: $10
Current Income: 20
Tickets Sold: 2
1. Show the seats
2. Buy a ticket
3. Statistics
0. Exit
> 1
Cinema:
  1 2 3 4 5 6 7 8 
1 S S S S S S S S 
2 S S S B S S S S 
3 S S S S B S S S 
4 S S S S S S S S 
5 S S S S S S S S 
6 S S S S S S S S 
7 S S S S S S S S 
1. Show the seats
2. Buy a ticket
3. Statistics
0. Exit
?[1;31m
Start test 4?[0m
Enter the number of rows:
> 9
Enter the number of seats in each row:
> 9
Test: front Tickets: 360
Test: front Tickets: 360
1. Show the seats
2. Buy a ticket
3. Statistics
0. Exit
> 2
Enter a row number:
> 1
Enter a seat number in that row:
> 1
Ticket price: $10
Ticket price: $10
Current Income: 10
Tickets Sold: 1
1. Show the seats
2. Buy a ticket
3. Statistics
0. Exit
> 2
Enter a row number:
> 4
Enter a seat number in that row:
> 5
Ticket price: $10
Ticket price: $10
Current Income: 20
Tickets Sold: 2
1. Show the seats
2. Buy a ticket
3. Statistics
0. Exit
> 1
Cinema:
  1 2 3 4 5 6 7 8 9 
1 B S S S S S S S S 
2 S S S S S S S S S 
3 S S S S S S S S S 
4 S S S S B S S S S 
5 S S S S S S S S S 
6 S S S S S S S S S 
7 S S S S S S S S S 
8 S S S S S S S S S 
9 S S S S S S S S S 
1. Show the seats
2. Buy a ticket
3. Statistics
0. Exit
> 2
Enter a row number:
> 5
Enter a seat number in that row:
> 5
Ticket price: $8
Ticket price: $8
Current Income: 28
Tickets Sold: 3
1. Show the seats
2. Buy a ticket
3. Statistics
0. Exit
> 1
Cinema:
  1 2 3 4 5 6 7 8 9 
1 B S S S S S S S S 
2 S S S S S S S S S 
3 S S S S S S S S S 
4 S S S S B S S S S 
5 S S S S B S S S S 
6 S S S S S S S S S 
7 S S S S S S S S S 
8 S S S S S S S S S 
9 S S S S S S S S S 
1. Show the seats
2. Buy a ticket
3. Statistics
0. Exit
> 2
Enter a row number:
> 6
Enter a seat number in that row:
> 6
Ticket price: $8
Ticket price: $8
Current Income: 36
Tickets Sold: 4
1. Show the seats
2. Buy a ticket
3. Statistics
0. Exit
> 1
Cinema:
  1 2 3 4 5 6 7 8 9 
1 B S S S S S S S S 
2 S S S S S S S S S 
3 S S S S S S S S S 
4 S S S S B S S S S 
5 S S S S B S S S S 
6 S S S S S B S S S 
7 S S S S S S S S S 
8 S S S S S S S S S 
9 S S S S S S S S S 
1. Show the seats
2. Buy a ticket
3. Statistics
0. Exit
?[1;31m
Start test 5?[0m
Enter the number of rows:
> 9
Enter the number of seats in each row:
> 9
Test: front Tickets: 360
Test: front Tickets: 360
1. Show the seats
2. Buy a ticket
3. Statistics
0. Exit
> 2
Enter a row number:
> 1
Enter a seat number in that row:
> 1
Ticket price: $10
Ticket price: $10
Current Income: 10
Tickets Sold: 1
1. Show the seats
2. Buy a ticket
3. Statistics
0. Exit
> 2
Enter a row number:
> 1
Enter a seat number in that row:
> 1
 That ticket has already been purchased!
Enter another row number:
> 9
Enter a seat number in that row:
> 5
Ticket price: $8
Ticket price: $8
Current Income: 18
Tickets Sold: 2
1. Show the seats
2. Buy a ticket
3. Statistics
0. Exit
> 2
Enter a row number:
> 9
Enter a seat number in that row:
> 5
 That ticket has already been purchased!
Enter another row number:
> 2
Enter a seat number in that row:
> 3
Ticket price: $10
Ticket price: $10
Current Income: 28
Tickets Sold: 3
1. Show the seats
2. Buy a ticket
3. Statistics
0. Exit
> 2
Enter a row number:
> 10
Enter a seat number in that row:
> 1
Wrong input!1
Enter another row number:
> 5
Enter a seat number in that row:
> 10
Wrong input!2
Enter another row number:
> -5
Enter a seat number in that row:
> 12
Wrong input!2
Enter another row number:
> 5
Enter a seat number in that row:
> 5
Ticket price: $8
Ticket price: $8
Current Income: 36
Tickets Sold: 4
1. Show the seats
2. Buy a ticket
3. Statistics
0. Exit
?[1;31m
Start test 6?[0m
Enter the number of rows:
> 9
Enter the number of seats in each row:
> 9
Test: front Tickets: 360
Test: front Tickets: 360
1. Show the seats
2. Buy a ticket
3. Statistics
0. Exit
> 3
0 0 81 720
Number of purchased tickets: 0
Percentage: 0.00%
 Current Income: $0
Total Income: $720
1. Show the seats
2. Buy a ticket
3. Statistics
0. Exit
> 2
Enter a row number:
> 1
Enter a seat number in that row:
> 7
Ticket price: $10
Ticket price: $10
Current Income: 10
Tickets Sold: 1
1. Show the seats
2. Buy a ticket
3. Statistics
0. Exit
> 2
Enter a row number:
> 1
Enter a seat number in that row:
> 8
Ticket price: $10
Ticket price: $10
Current Income: 20
Tickets Sold: 2
1. Show the seats
2. Buy a ticket
3. Statistics
0. Exit
> 2
Enter a row number:
> 1
Enter a seat number in that row:
> 9
Ticket price: $10
Ticket price: $10
Current Income: 30
Tickets Sold: 3
1. Show the seats
2. Buy a ticket
3. Statistics
0. Exit
> 3
3 30 81 720
Number of purchased tickets: 3
Percentage: 3.70%
Current Income: $30
Total Income: $720
1. Show the seats
2. Buy a ticket
3. Statistics
0. Exit
> 2
Enter a row number:
> 9
Enter a seat number in that row:
> 1
Ticket price: $8
Ticket price: $8
Current Income: 38
Tickets Sold: 4
1. Show the seats
2. Buy a ticket
3. Statistics
0. Exit
> 2
Enter a row number:
> 9
Enter a seat number in that row:
> 2
Ticket price: $8
Ticket price: $8
Current Income: 46
Tickets Sold: 5
1. Show the seats
2. Buy a ticket
3. Statistics
0. Exit
> 2
Enter a row number:
> 9
Enter a seat number in that row:
> 3
Ticket price: $8
Ticket price: $8
Current Income: 54
Tickets Sold: 6
1. Show the seats
2. Buy a ticket
3. Statistics
0. Exit
> 3
6 54 81 720
Number of purchased tickets: 6
Percentage: 7.41%
Current Income: $54
Total Income: $720
1. Show the seats
2. Buy a ticket
3. Statistics
0. Exit
> 2
Enter a row number:
> 2
Enter a seat number in that row:
> 1
Ticket price: $10
Ticket price: $10
Current Income: 64
Tickets Sold: 7
1. Show the seats
2. Buy a ticket
3. Statistics
0. Exit
> 2
Enter a row number:
> 2
Enter a seat number in that row:
> 2
Ticket price: $10
Ticket price: $10
Current Income: 74
Tickets Sold: 8
1. Show the seats
2. Buy a ticket
3. Statistics
0. Exit
> 2
Enter a row number:
> 2
Enter a seat number in that row:
> 3
Ticket price: $10
Ticket price: $10
Current Income: 84
Tickets Sold: 9
1. Show the seats
2. Buy a ticket
3. Statistics
0. Exit
> 2
Enter a row number:
> 2
Enter a seat number in that row:
> 4
Ticket price: $10
Ticket price: $10
Current Income: 94
Tickets Sold: 10
1. Show the seats
2. Buy a ticket
3. Statistics
0. Exit
> 2
Enter a row number:
> 2
Enter a seat number in that row:
> 5
Ticket price: $10
Ticket price: $10
Current Income: 104
Tickets Sold: 11
1. Show the seats
2. Buy a ticket
3. Statistics
0. Exit
> 2
Enter a row number:
> 2
Enter a seat number in that row:
> 6
Ticket price: $10
Ticket price: $10
Current Income: 114
Tickets Sold: 12
1. Show the seats
2. Buy a ticket
3. Statistics
0. Exit
> 2
Enter a row number:
> 2
Enter a seat number in that row:
> 7
Ticket price: $10
Ticket price: $10
Current Income: 124
Tickets Sold: 13
1. Show the seats
2. Buy a ticket
3. Statistics
0. Exit
> 2
Enter a row number:
> 2
Enter a seat number in that row:
> 8
Ticket price: $10
Ticket price: $10
Current Income: 134
Tickets Sold: 14
1. Show the seats
2. Buy a ticket
3. Statistics
0. Exit
> 2
Enter a row number:
> 2
Enter a seat number in that row:
> 9
Ticket price: $10
Ticket price: $10
Current Income: 144
Tickets Sold: 15
1. Show the seats
2. Buy a ticket
3. Statistics
0. Exit
> 2
Enter a row number:
> 3
Enter a seat number in that row:
> 1
Ticket price: $10
Ticket price: $10
Current Income: 154
Tickets Sold: 16
1. Show the seats
2. Buy a ticket
3. Statistics
0. Exit
> 2
Enter a row number:
> 3
Enter a seat number in that row:
> 2
Ticket price: $10
Ticket price: $10
Current Income: 164
Tickets Sold: 17
1. Show the seats
2. Buy a ticket
3. Statistics
0. Exit
> 2
Enter a row number:
> 3
Enter a seat number in that row:
> 3
Ticket price: $10
Ticket price: $10
Current Income: 174
Tickets Sold: 18
1. Show the seats
2. Buy a ticket
3. Statistics
0. Exit
> 2
Enter a row number:
> 3
Enter a seat number in that row:
> 4
Ticket price: $10
Ticket price: $10
Current Income: 184
Tickets Sold: 19
1. Show the seats
2. Buy a ticket
3. Statistics
0. Exit
> 2
Enter a row number:
> 3
Enter a seat number in that row:
> 5
Ticket price: $10
Ticket price: $10
Current Income: 194
Tickets Sold: 20
1. Show the seats
2. Buy a ticket
3. Statistics
0. Exit
> 2
Enter a row number:
> 3
Enter a seat number in that row:
> 6
Ticket price: $10
Ticket price: $10
Current Income: 204
Tickets Sold: 21
1. Show the seats
2. Buy a ticket
3. Statistics
0. Exit
> 2
Enter a row number:
> 3
Enter a seat number in that row:
> 7
Ticket price: $10
Ticket price: $10
Current Income: 214
Tickets Sold: 22
1. Show the seats
2. Buy a ticket
3. Statistics
0. Exit
> 2
Enter a row number:
> 3
Enter a seat number in that row:
> 8
Ticket price: $10
Ticket price: $10
Current Income: 224
Tickets Sold: 23
1. Show the seats
2. Buy a ticket
3. Statistics
0. Exit
> 2
Enter a row number:
> 3
Enter a seat number in that row:
> 9
Ticket price: $10
Ticket price: $10
Current Income: 234
Tickets Sold: 24
1. Show the seats
2. Buy a ticket
3. Statistics
0. Exit
> 2
Enter a row number:
> 4
Enter a seat number in that row:
> 1
Ticket price: $10
Ticket price: $10
Current Income: 244
Tickets Sold: 25
1. Show the seats
2. Buy a ticket
3. Statistics
0. Exit
> 2
Enter a row number:
> 4
Enter a seat number in that row:
> 2
Ticket price: $10
Ticket price: $10
Current Income: 254
Tickets Sold: 26
1. Show the seats
2. Buy a ticket
3. Statistics
0. Exit
> 2
Enter a row number:
> 4
Enter a seat number in that row:
> 3
Ticket price: $10
Ticket price: $10
Current Income: 264
Tickets Sold: 27
1. Show the seats
2. Buy a ticket
3. Statistics
0. Exit
> 2
Enter a row number:
> 4
Enter a seat number in that row:
> 4
Ticket price: $10
Ticket price: $10
Current Income: 274
Tickets Sold: 28
1. Show the seats
2. Buy a ticket
3. Statistics
0. Exit
> 2
Enter a row number:
> 4
Enter a seat number in that row:
> 5
Ticket price: $10
Ticket price: $10
Current Income: 284
Tickets Sold: 29
1. Show the seats
2. Buy a ticket
3. Statistics
0. Exit
> 2
Enter a row number:
> 4
Enter a seat number in that row:
> 6
Ticket price: $10
Ticket price: $10
Current Income: 294
Tickets Sold: 30
1. Show the seats
2. Buy a ticket
3. Statistics
0. Exit
> 2
Enter a row number:
> 4
Enter a seat number in that row:
> 7
Ticket price: $10
Ticket price: $10
Current Income: 304
Tickets Sold: 31
1. Show the seats
2. Buy a ticket
3. Statistics
0. Exit
> 2
Enter a row number:
> 4
Enter a seat number in that row:
> 8
Ticket price: $10
Ticket price: $10
Current Income: 314
Tickets Sold: 32
1. Show the seats
2. Buy a ticket
3. Statistics
0. Exit
> 2
Enter a row number:
> 4
Enter a seat number in that row:
> 9
Ticket price: $10
Ticket price: $10
Current Income: 324
Tickets Sold: 33
1. Show the seats
2. Buy a ticket
3. Statistics
0. Exit
> 2
Enter a row number:
> 5
Enter a seat number in that row:
> 1
Ticket price: $8
Ticket price: $8
Current Income: 332
Tickets Sold: 34
1. Show the seats
2. Buy a ticket
3. Statistics
0. Exit
> 2
Enter a row number:
> 5
Enter a seat number in that row:
> 2
Ticket price: $8
Ticket price: $8
Current Income: 340
Tickets Sold: 35
1. Show the seats
2. Buy a ticket
3. Statistics
0. Exit
> 2
Enter a row number:
> 5
Enter a seat number in that row:
> 3
Ticket price: $8
Ticket price: $8
Current Income: 348
Tickets Sold: 36
1. Show the seats
2. Buy a ticket
3. Statistics
0. Exit
> 2
Enter a row number:
> 5
Enter a seat number in that row:
> 4
Ticket price: $8
Ticket price: $8
Current Income: 356
Tickets Sold: 37
1. Show the seats
2. Buy a ticket
3. Statistics
0. Exit
> 2
Enter a row number:
> 5
Enter a seat number in that row:
> 5
Ticket price: $8
Ticket price: $8
Current Income: 364
Tickets Sold: 38
1. Show the seats
2. Buy a ticket
3. Statistics
0. Exit
> 2
Enter a row number:
> 5
Enter a seat number in that row:
> 6
Ticket price: $8
Ticket price: $8
Current Income: 372
Tickets Sold: 39
1. Show the seats
2. Buy a ticket
3. Statistics
0. Exit
> 2
Enter a row number:
> 5
Enter a seat number in that row:
> 7
Ticket price: $8
Ticket price: $8
Current Income: 380
Tickets Sold: 40
1. Show the seats
2. Buy a ticket
3. Statistics
0. Exit
> 2
Enter a row number:
> 5
Enter a seat number in that row:
> 8
Ticket price: $8
Ticket price: $8
Current Income: 388
Tickets Sold: 41
1. Show the seats
2. Buy a ticket
3. Statistics
0. Exit
> 2
Enter a row number:
> 5
Enter a seat number in that row:
> 9
Ticket price: $8
Ticket price: $8
Current Income: 396
Tickets Sold: 42
1. Show the seats
2. Buy a ticket
3. Statistics
0. Exit
> 2
Enter a row number:
> 6
Enter a seat number in that row:
> 1
Ticket price: $8
Ticket price: $8
Current Income: 404
Tickets Sold: 43
1. Show the seats
2. Buy a ticket
3. Statistics
0. Exit
> 2
Enter a row number:
> 6
Enter a seat number in that row:
> 2
Ticket price: $8
Ticket price: $8
Current Income: 412
Tickets Sold: 44
1. Show the seats
2. Buy a ticket
3. Statistics
0. Exit
> 2
Enter a row number:
> 6
Enter a seat number in that row:
> 3
Ticket price: $8
Ticket price: $8
Current Income: 420
Tickets Sold: 45
1. Show the seats
2. Buy a ticket
3. Statistics
0. Exit
> 2
Enter a row number:
> 6
Enter a seat number in that row:
> 4
Ticket price: $8
Ticket price: $8
Current Income: 428
Tickets Sold: 46
1. Show the seats
2. Buy a ticket
3. Statistics
0. Exit
> 2
Enter a row number:
> 6
Enter a seat number in that row:
> 5
Ticket price: $8
Ticket price: $8
Current Income: 436
Tickets Sold: 47
1. Show the seats
2. Buy a ticket
3. Statistics
0. Exit
> 2
Enter a row number:
> 6
Enter a seat number in that row:
> 6
Ticket price: $8
Ticket price: $8
Current Income: 444
Tickets Sold: 48
1. Show the seats
2. Buy a ticket
3. Statistics
0. Exit
> 2
Enter a row number:
> 6
Enter a seat number in that row:
> 7
Ticket price: $8
Ticket price: $8
Current Income: 452
Tickets Sold: 49
1. Show the seats
2. Buy a ticket
3. Statistics
0. Exit
> 2
Enter a row number:
> 6
Enter a seat number in that row:
> 8
Ticket price: $8
Ticket price: $8
Current Income: 460
Tickets Sold: 50
1. Show the seats
2. Buy a ticket
3. Statistics
0. Exit
> 2
Enter a row number:
> 6
Enter a seat number in that row:
> 9
Ticket price: $8
Ticket price: $8
Current Income: 468
Tickets Sold: 51
1. Show the seats
2. Buy a ticket
3. Statistics
0. Exit
> 2
Enter a row number:
> 7
Enter a seat number in that row:
> 1
Ticket price: $8
Ticket price: $8
Current Income: 476
Tickets Sold: 52
1. Show the seats
2. Buy a ticket
3. Statistics
0. Exit
> 2
Enter a row number:
> 7
Enter a seat number in that row:
> 2
Ticket price: $8
Ticket price: $8
Current Income: 484
Tickets Sold: 53
1. Show the seats
2. Buy a ticket
3. Statistics
0. Exit
> 2
Enter a row number:
> 7
Enter a seat number in that row:
> 3
Ticket price: $8
Ticket price: $8
Current Income: 492
Tickets Sold: 54
1. Show the seats
2. Buy a ticket
3. Statistics
0. Exit
> 2
Enter a row number:
> 7
Enter a seat number in that row:
> 4
Ticket price: $8
Ticket price: $8
Current Income: 500
Tickets Sold: 55
1. Show the seats
2. Buy a ticket
3. Statistics
0. Exit
> 2
Enter a row number:
> 7
Enter a seat number in that row:
> 5
Ticket price: $8
Ticket price: $8
Current Income: 508
Tickets Sold: 56
1. Show the seats
2. Buy a ticket
3. Statistics
0. Exit
> 2
Enter a row number:
> 7
Enter a seat number in that row:
> 6
Ticket price: $8
Ticket price: $8
Current Income: 516
Tickets Sold: 57
1. Show the seats
2. Buy a ticket
3. Statistics
0. Exit
> 2
Enter a row number:
> 7
Enter a seat number in that row:
> 7
Ticket price: $8
Ticket price: $8
Current Income: 524
Tickets Sold: 58
1. Show the seats
2. Buy a ticket
3. Statistics
0. Exit
> 2
Enter a row number:
> 7
Enter a seat number in that row:
> 8
Ticket price: $8
Ticket price: $8
Current Income: 532
Tickets Sold: 59
1. Show the seats
2. Buy a ticket
3. Statistics
0. Exit
> 2
Enter a row number:
> 7
Enter a seat number in that row:
> 9
Ticket price: $8
Ticket price: $8
Current Income: 540
Tickets Sold: 60
1. Show the seats
2. Buy a ticket
3. Statistics
0. Exit
> 2
Enter a row number:
> 8
Enter a seat number in that row:
> 1
Ticket price: $8
Ticket price: $8
Current Income: 548
Tickets Sold: 61
1. Show the seats
2. Buy a ticket
3. Statistics
0. Exit
> 2
Enter a row number:
> 8
Enter a seat number in that row:
> 2
Ticket price: $8
Ticket price: $8
Current Income: 556
Tickets Sold: 62
1. Show the seats
2. Buy a ticket
3. Statistics
0. Exit
> 2
Enter a row number:
> 8
Enter a seat number in that row:
> 3
Ticket price: $8
Ticket price: $8
Current Income: 564
Tickets Sold: 63
1. Show the seats
2. Buy a ticket
3. Statistics
0. Exit
> 2
Enter a row number:
> 8
Enter a seat number in that row:
> 4
Ticket price: $8
Ticket price: $8
Current Income: 572
Tickets Sold: 64
1. Show the seats
2. Buy a ticket
3. Statistics
0. Exit
> 2
Enter a row number:
> 8
Enter a seat number in that row:
> 5
Ticket price: $8
Ticket price: $8
Current Income: 580
Tickets Sold: 65
1. Show the seats
2. Buy a ticket
3. Statistics
0. Exit
> 2
Enter a row number:
> 8
Enter a seat number in that row:
> 6
Ticket price: $8
Ticket price: $8
Current Income: 588
Tickets Sold: 66
1. Show the seats
2. Buy a ticket
3. Statistics
0. Exit
> 2
Enter a row number:
> 8
Enter a seat number in that row:
> 7
Ticket price: $8
Ticket price: $8
Current Income: 596
Tickets Sold: 67
1. Show the seats
2. Buy a ticket
3. Statistics
0. Exit
> 2
Enter a row number:
> 8
Enter a seat number in that row:
> 8
Ticket price: $8
Ticket price: $8
Current Income: 604
Tickets Sold: 68
1. Show the seats
2. Buy a ticket
3. Statistics
0. Exit
> 2
Enter a row number:
> 8
Enter a seat number in that row:
> 9
Ticket price: $8
Ticket price: $8
Current Income: 612
Tickets Sold: 69
1. Show the seats
2. Buy a ticket
3. Statistics
0. Exit
> 3
69 612 81 720
Number of purchased tickets: 69
Percentage: 85.19%
Current Income: $612
Total Income: $720
1. Show the seats
2. Buy a ticket
3. Statistics
0. Exit
> 2
Enter a row number:
> 1
Enter a seat number in that row:
> 1
Ticket price: $10
Ticket price: $10
Current Income: 622
Tickets Sold: 70
1. Show the seats
2. Buy a ticket
3. Statistics
0. Exit
> 2
Enter a row number:
> 1
Enter a seat number in that row:
> 2
Ticket price: $10
Ticket price: $10
Current Income: 632
Tickets Sold: 71
1. Show the seats
2. Buy a ticket
3. Statistics
0. Exit
> 2
Enter a row number:
> 1
Enter a seat number in that row:
> 3
Ticket price: $10
Ticket price: $10
Current Income: 642
Tickets Sold: 72
1. Show the seats
2. Buy a ticket
3. Statistics
0. Exit
> 2
Enter a row number:
> 1
Enter a seat number in that row:
> 4
Ticket price: $10
Ticket price: $10
Current Income: 652
Tickets Sold: 73
1. Show the seats
2. Buy a ticket
3. Statistics
0. Exit
> 2
Enter a row number:
> 1
Enter a seat number in that row:
> 5
Ticket price: $10
Ticket price: $10
Current Income: 662
Tickets Sold: 74
1. Show the seats
2. Buy a ticket
3. Statistics
0. Exit
> 2
Enter a row number:
> 1
Enter a seat number in that row:
> 6
Ticket price: $10
Ticket price: $10
Current Income: 672
Tickets Sold: 75
1. Show the seats
2. Buy a ticket
3. Statistics
0. Exit
> 1
Cinema:
  1 2 3 4 5 6 7 8 9 
1 B B B B B B B B B 
2 B B B B B B B B B 
3 B B B B B B B B B 
4 B B B B B B B B B 
5 B B B B B B B B B 
6 B B B B B B B B B 
7 B B B B B B B B B 
8 B B B B B B B B B 
9 B B B S S S S S S 
1. Show the seats
2. Buy a ticket
3. Statistics
0. Exit
> 2
Enter a row number:
> 9
Enter a seat number in that row:
> 4
Ticket price: $8
Ticket price: $8
Current Income: 680
Tickets Sold: 76
1. Show the seats
2. Buy a ticket
3. Statistics
0. Exit
> 2
Enter a row number:
> 9
Enter a seat number in that row:
> 5
Ticket price: $8
Ticket price: $8
Current Income: 688
Tickets Sold: 77
1. Show the seats
2. Buy a ticket
3. Statistics
0. Exit
> 2
Enter a row number:
> 9
Enter a seat number in that row:
> 6
Ticket price: $8
Ticket price: $8
Current Income: 696
Tickets Sold: 78
1. Show the seats
2. Buy a ticket
3. Statistics
0. Exit
> 2
Enter a row number:
> 9
Enter a seat number in that row:
> 7
Ticket price: $8
Ticket price: $8
Current Income: 704
Tickets Sold: 79
1. Show the seats
2. Buy a ticket
3. Statistics
0. Exit
> 2
Enter a row number:
> 9
Enter a seat number in that row:
> 8
Ticket price: $8
Ticket price: $8
Current Income: 712
Tickets Sold: 80
1. Show the seats
2. Buy a ticket
3. Statistics
0. Exit
> 2
Enter a row number:
> 9
Enter a seat number in that row:
> 9
Ticket price: $8
Ticket price: $8
Current Income: 720
Tickets Sold: 81
1. Show the seats
2. Buy a ticket
3. Statistics
0. Exit
> 3
81 720 81 720
Number of purchased tickets: 81
Percentage: 100.00%
Current Income: $720
Total Income: $720
1. Show the seats
2. Buy a ticket
3. Statistics
0. Exit
]]></system-out>
  <system-err><![CDATA[]]></system-err>
</testsuite>
